0 info it worked if it ends with ok
1 verbose cli [ 'node',
1 verbose cli   '/Users/Andreas/.nvm/v0.10.35/bin/npm',
1 verbose cli   'install',
1 verbose cli   '-g',
1 verbose cli   'n' ]
2 info using npm@2.13.2
3 info using node@v0.10.35
4 verbose install initial load of /Users/Andreas/.nvm/v0.10.35/lib/package.json
5 verbose readDependencies loading dependencies from /Users/Andreas/.nvm/v0.10.35/lib/package.json
6 silly cache add args [ 'n', null ]
7 verbose cache add spec n
8 silly cache add parsed spec { raw: 'n',
8 silly cache add   scope: null,
8 silly cache add   name: 'n',
8 silly cache add   rawSpec: '',
8 silly cache add   spec: '*',
8 silly cache add   type: 'range' }
9 silly addNamed n@*
10 verbose addNamed "*" is a valid semver range for n
11 silly addNameRange { name: 'n', range: '*', hasData: false }
12 silly mapToRegistry name n
13 silly mapToRegistry using default registry
14 silly mapToRegistry registry https://registry.npmjs.org/
15 silly mapToRegistry uri https://registry.npmjs.org/n
16 verbose addNameRange registry:https://registry.npmjs.org/n not in flight; fetching
17 verbose request uri https://registry.npmjs.org/n
18 verbose request no auth needed
19 info attempt registry request try #1 at 01:28:26
20 verbose request id 35a5cb626069018f
21 verbose etag "A6DLH7V5AU2GX4ZWDFIR89JJE"
22 http request GET https://registry.npmjs.org/n
23 http 304 https://registry.npmjs.org/n
24 silly get cb [ 304,
24 silly get   { date: 'Tue, 28 Jul 2015 23:28:27 GMT',
24 silly get     via: '1.1 varnish',
24 silly get     'cache-control': 'max-age=60',
24 silly get     etag: '"A6DLH7V5AU2GX4ZWDFIR89JJE"',
24 silly get     age: '0',
24 silly get     connection: 'keep-alive',
24 silly get     'x-served-by': 'cache-ams4141-AMS',
24 silly get     'x-cache': 'HIT',
24 silly get     'x-cache-hits': '1',
24 silly get     'x-timer': 'S1438126107.047576,VS0,VE95',
24 silly get     vary: 'Accept' } ]
25 verbose etag https://registry.npmjs.org/n from cache
26 verbose get saving n to /Users/Andreas/.npm/registry.npmjs.org/n/.cache.json
27 silly addNameRange number 2 { name: 'n', range: '*', hasData: true }
28 silly addNameRange versions [ 'n',
28 silly addNameRange   [ '0.0.1',
28 silly addNameRange     '0.0.2',
28 silly addNameRange     '0.0.3',
28 silly addNameRange     '0.0.4',
28 silly addNameRange     '0.1.0',
28 silly addNameRange     '0.1.1',
28 silly addNameRange     '0.1.2',
28 silly addNameRange     '0.2.0',
28 silly addNameRange     '0.2.1',
28 silly addNameRange     '0.2.2',
28 silly addNameRange     '0.3.0',
28 silly addNameRange     '0.4.0',
28 silly addNameRange     '0.4.1',
28 silly addNameRange     '0.4.2',
28 silly addNameRange     '0.5.0',
28 silly addNameRange     '0.5.1',
28 silly addNameRange     '0.5.2',
28 silly addNameRange     '0.5.3',
28 silly addNameRange     '0.5.4',
28 silly addNameRange     '0.6.0',
28 silly addNameRange     '0.6.1',
28 silly addNameRange     '0.7.0',
28 silly addNameRange     '0.7.1',
28 silly addNameRange     '0.7.2',
28 silly addNameRange     '0.7.3',
28 silly addNameRange     '0.8.0',
28 silly addNameRange     '0.8.1',
28 silly addNameRange     '0.8.2',
28 silly addNameRange     '0.9.0',
28 silly addNameRange     '0.9.1',
28 silly addNameRange     '0.9.2',
28 silly addNameRange     '0.9.3',
28 silly addNameRange     '1.0.0',
28 silly addNameRange     '1.1.0',
28 silly addNameRange     '1.2.1',
28 silly addNameRange     '1.2.2',
28 silly addNameRange     '1.2.3',
28 silly addNameRange     '1.2.4',
28 silly addNameRange     '1.2.5',
28 silly addNameRange     '1.2.6',
28 silly addNameRange     '1.2.7',
28 silly addNameRange     '1.2.8',
28 silly addNameRange     '1.2.9',
28 silly addNameRange     '1.2.11',
28 silly addNameRange     '1.2.13',
28 silly addNameRange     '1.2.14',
28 silly addNameRange     '1.3.0',
28 silly addNameRange     '1.4.0',
28 silly addNameRange     '2.0.0',
28 silly addNameRange     '1.4.1',
28 silly addNameRange     '2.0.1' ] ]
29 silly addNamed n@2.0.1
30 verbose addNamed "2.0.1" is a plain semver version for n
31 silly cache afterAdd n@2.0.1
32 verbose afterAdd /Users/Andreas/.npm/n/2.0.1/package/package.json not in flight; writing
33 verbose afterAdd /Users/Andreas/.npm/n/2.0.1/package/package.json written
34 silly install resolved [ { name: 'n',
34 silly install resolved     description: 'node version manager',
34 silly install resolved     version: '2.0.1',
34 silly install resolved     author: { name: 'TJ Holowaychuk', email: 'tj@vision-media.ca' },
34 silly install resolved     homepage: 'https://github.com/tj/n',
34 silly install resolved     bugs: { url: 'https://github.com/tj/n/issues' },
34 silly install resolved     contributors: [ [Object] ],
34 silly install resolved     keywords:
34 silly install resolved      [ 'nvm',
34 silly install resolved        'node',
34 silly install resolved        'version',
34 silly install resolved        'manager',
34 silly install resolved        'switcher',
34 silly install resolved        'node',
34 silly install resolved        'binary',
34 silly install resolved        'env' ],
34 silly install resolved     bin: { n: './bin/n' },
34 silly install resolved     repository: { type: 'git', url: 'git://github.com/tj/n.git' },
34 silly install resolved     preferGlobal: true,
34 silly install resolved     os: [ '!win32' ],
34 silly install resolved     engines: { node: '*' },
34 silly install resolved     license: 'MIT',
34 silly install resolved     gitHead: '2a400cc83570535d0f5aa9f4dbae793095abc31f',
34 silly install resolved     _id: 'n@2.0.1',
34 silly install resolved     scripts: {},
34 silly install resolved     _shasum: 'b327196797e9cd2d48f6d1fe6a8191ec4a92c4c1',
34 silly install resolved     _from: 'n@*',
34 silly install resolved     _npmVersion: '2.11.3',
34 silly install resolved     _nodeVersion: '0.12.7',
34 silly install resolved     _npmUser: { name: 'maxrimue', email: 'max.rittmueller@gmail.com' },
34 silly install resolved     dist:
34 silly install resolved      { shasum: 'b327196797e9cd2d48f6d1fe6a8191ec4a92c4c1',
34 silly install resolved        tarball: 'http://registry.npmjs.org/n/-/n-2.0.1.tgz' },
34 silly install resolved     maintainers: [ [Object], [Object], [Object], [Object], [Object], [Object] ],
34 silly install resolved     directories: {},
34 silly install resolved     _resolved: 'https://registry.npmjs.org/n/-/n-2.0.1.tgz',
34 silly install resolved     readme: 'ERROR: No README data found!' } ]
35 info install n@2.0.1 into /Users/Andreas/.nvm/v0.10.35/lib
36 info installOne n@2.0.1
37 verbose installOne of n to /Users/Andreas/.nvm/v0.10.35/lib not in flight; installing
38 verbose lock using /Users/Andreas/.npm/_locks/n-5fbeabf663db0f44.lock for /Users/Andreas/.nvm/v0.10.35/lib/node_modules/n
39 silly install write writing n 2.0.1 to /Users/Andreas/.nvm/v0.10.35/lib/node_modules/n
40 verbose unbuild lib/node_modules/n
41 info preuninstall n@2.0.1
42 info uninstall n@2.0.1
43 verbose unbuild rmStuff n@2.0.1 from /Users/Andreas/.nvm/v0.10.35/lib/node_modules
44 silly gentlyRm /Users/Andreas/.nvm/v0.10.35/bin/n is being gently removed
45 silly gentlyRm verifying /Users/Andreas/.nvm/v0.10.35 is an npm working directory
46 silly gentlyRm containing path /Users/Andreas/.nvm/v0.10.35 is under npm's control, in /Users/Andreas/.nvm/v0.10.35
47 silly gentlyRm deletion target /Users/Andreas/.nvm/v0.10.35/bin/n is under /Users/Andreas/.nvm/v0.10.35
48 verbose gentlyRm vacuuming from /Users/Andreas/.nvm/v0.10.35/bin/n up to /Users/Andreas/.nvm/v0.10.35
49 silly vacuum-fs removing /Users/Andreas/.nvm/v0.10.35/bin/n
50 silly vacuum-fs quitting because other entries in /Users/Andreas/.nvm/v0.10.35/bin
51 info postuninstall n@2.0.1
52 silly gentlyRm /Users/Andreas/.nvm/v0.10.35/lib/node_modules/n is being purged from base /Users/Andreas/.nvm/v0.10.35
53 verbose gentlyRm don't care about contents; nuking /Users/Andreas/.nvm/v0.10.35/lib/node_modules/n
54 silly vacuum-fs purging /Users/Andreas/.nvm/v0.10.35/lib/node_modules/n
55 silly vacuum-fs quitting because other entries in /Users/Andreas/.nvm/v0.10.35/lib/node_modules
56 verbose tar unpack /Users/Andreas/.npm/n/2.0.1/package.tgz
57 verbose tar unpacking to /Users/Andreas/.nvm/v0.10.35/lib/node_modules/n
58 silly gentlyRm /Users/Andreas/.nvm/v0.10.35/lib/node_modules/n is being purged
59 verbose gentlyRm don't care about contents; nuking /Users/Andreas/.nvm/v0.10.35/lib/node_modules/n
60 silly gunzTarPerm modes [ '755', '644' ]
61 silly gunzTarPerm extractEntry package.json
62 silly gunzTarPerm extractEntry Makefile
63 silly gunzTarPerm extractEntry Readme.md
64 silly gunzTarPerm extractEntry bin/n
65 verbose write writing to /Users/Andreas/.nvm/v0.10.35/lib/node_modules/n/package.json
66 info preinstall n@2.0.1
67 verbose readDependencies loading dependencies from /Users/Andreas/.nvm/v0.10.35/lib/node_modules/n/package.json
68 verbose readDependencies loading dependencies from /Users/Andreas/.nvm/v0.10.35/lib/node_modules/n/package.json
69 silly install resolved []
70 verbose about to build /Users/Andreas/.nvm/v0.10.35/lib/node_modules/n
71 info build /Users/Andreas/.nvm/v0.10.35/lib/node_modules/n
72 info linkStuff n@2.0.1
73 silly linkStuff n@2.0.1 has /Users/Andreas/.nvm/v0.10.35/lib/node_modules as its parent node_modules
74 silly linkStuff n@2.0.1 is part of a global install
75 silly linkStuff n@2.0.1 is installed into a global node_modules
76 silly linkStuff n@2.0.1 is installed into the top-level global node_modules
77 verbose linkBins n@2.0.1
78 verbose link bins [ { n: './bin/n' }, '/Users/Andreas/.nvm/v0.10.35/bin', true ]
79 verbose linkMans n@2.0.1
80 verbose rebuildBundles n@2.0.1
81 silly gentlyRm /Users/Andreas/.nvm/v0.10.35/bin/n is being gently removed
82 silly gentlyRm verifying /Users/Andreas/.nvm/v0.10.35 is an npm working directory
83 silly gentlyRm containing path /Users/Andreas/.nvm/v0.10.35 is under npm's control, in /Users/Andreas/.nvm/v0.10.35
84 silly gentlyRm deletion target /Users/Andreas/.nvm/v0.10.35/bin/n is under /Users/Andreas/.nvm/v0.10.35
85 verbose gentlyRm vacuuming from /Users/Andreas/.nvm/v0.10.35/bin/n up to /Users/Andreas/.nvm/v0.10.35
86 info install n@2.0.1
87 info postinstall n@2.0.1
88 verbose unlock done using /Users/Andreas/.npm/_locks/n-5fbeabf663db0f44.lock for /Users/Andreas/.nvm/v0.10.35/lib/node_modules/n
89 verbose validateInstall loading /Users/Andreas/.nvm/v0.10.35/lib/package.json for validation
90 verbose stack Error: The package generator-mocha@0.2.0 does not satisfy its siblings' peerDependencies requirements!
90 verbose stack     at /Users/Andreas/.nvm/v0.10.35/lib/node_modules/npm/lib/install.js:125:32
90 verbose stack     at /Users/Andreas/.nvm/v0.10.35/lib/node_modules/npm/lib/install.js:268:7
90 verbose stack     at /Users/Andreas/.nvm/v0.10.35/lib/node_modules/npm/node_modules/read-installed/read-installed.js:142:5
90 verbose stack     at /Users/Andreas/.nvm/v0.10.35/lib/node_modules/npm/node_modules/read-installed/read-installed.js:263:14
90 verbose stack     at cb (/Users/Andreas/.nvm/v0.10.35/lib/node_modules/npm/node_modules/slide/lib/async-map.js:47:24)
90 verbose stack     at /Users/Andreas/.nvm/v0.10.35/lib/node_modules/npm/node_modules/read-installed/read-installed.js:263:14
90 verbose stack     at cb (/Users/Andreas/.nvm/v0.10.35/lib/node_modules/npm/node_modules/slide/lib/async-map.js:47:24)
90 verbose stack     at /Users/Andreas/.nvm/v0.10.35/lib/node_modules/npm/node_modules/read-installed/read-installed.js:263:14
90 verbose stack     at cb (/Users/Andreas/.nvm/v0.10.35/lib/node_modules/npm/node_modules/slide/lib/async-map.js:47:24)
90 verbose stack     at /Users/Andreas/.nvm/v0.10.35/lib/node_modules/npm/node_modules/read-installed/read-installed.js:263:14
91 verbose cwd /Users/Andreas/Documents/Grafisk_Design/Webdesign/002_my_sites/003_Portfolio15/portfolio15_site
92 error Darwin 14.4.0
93 error argv "node" "/Users/Andreas/.nvm/v0.10.35/bin/npm" "install" "-g" "n"
94 error node v0.10.35
95 error npm  v2.13.2
96 error code EPEERINVALID
97 error peerinvalid The package generator-mocha@0.2.0 does not satisfy its siblings' peerDependencies requirements!
97 error peerinvalid Peer generator-symfony@0.5.0 wants generator-mocha@~0.1.1
98 verbose exit [ 1, true ]
